2014-01-08 14:57:49.184 Todo[5081:80b] Multi-tasking -> Device: YES, App: YES
2014-01-08 14:57:49.214 Todo[5081:80b] Unlimited access to network resources
2014-01-08 14:57:49.716 Todo[5081:80b] Resetting plugins due to page load.
2014-01-08 14:57:49.914 Todo[5081:80b] Finished load of: file:///Users/Ali/Library/Application%20Support/iPhone%20Simulator/7.0/Applications/A9ACCF53-0C78-4BC7-9758-E3C0CB332420/Todo.app/www/index.html
2014-01-08 14:57:49.945 Todo[5081:80b] Received Event: deviceready
2014-01-08 15:26:13.390 Todo[6424:80b] Multi-tasking -> Device: YES, App: YES
2014-01-08 15:26:13.397 Todo[6424:80b] Unlimited access to network resources
2014-01-08 15:26:13.496 Todo[6424:80b] Resetting plugins due to page load.
2014-01-08 15:26:13.768 Todo[6424:80b] Finished load of: file:///Users/Ali/Library/Application%20Support/iPhone%20Simulator/7.0/Applications/A9ACCF53-0C78-4BC7-9758-E3C0CB332420/Todo.app/www/index.html
2014-01-08 15:31:10.307 Todo[7319:80b] Multi-tasking -> Device: YES, App: YES
2014-01-08 15:31:10.317 Todo[7319:80b] Unlimited access to network resources
2014-01-08 15:31:10.441 Todo[7319:80b] Resetting plugins due to page load.
2014-01-08 15:31:10.608 Todo[7319:80b] Finished load of: file:///Users/Ali/Library/Application%20Support/iPhone%20Simulator/7.0/Applications/A9ACCF53-0C78-4BC7-9758-E3C0CB332420/Todo.app/www/index.html
2014-01-08 15:35:09.106 Todo[8179:80b] Multi-tasking -> Device: YES, App: YES
2014-01-08 15:35:09.112 Todo[8179:80b] Unlimited access to network resources
2014-01-08 15:35:09.224 Todo[8179:80b] Resetting plugins due to page load.
2014-01-08 15:35:09.453 Todo[8179:80b] Finished load of: file:///Users/Ali/Library/Application%20Support/iPhone%20Simulator/7.0/Applications/A9ACCF53-0C78-4BC7-9758-E3C0CB332420/Todo.app/www/index.html
2014-01-08 15:47:41.156 Todo[9218:80b] Multi-tasking -> Device: YES, App: YES
2014-01-08 15:47:41.165 Todo[9218:80b] Unlimited access to network resources
2014-01-08 15:47:41.300 Todo[9218:80b] Resetting plugins due to page load.
2014-01-08 15:47:49.220 Todo[9218:80b] Finished load of: file:///Users/Ali/Library/Application%20Support/iPhone%20Simulator/7.0/Applications/A9ACCF53-0C78-4BC7-9758-E3C0CB332420/Todo.app/www/index.html
